\BOOKMARK [0][-]{chapter.1}{\376\377\000C\000l\000a\000s\000s\000\040\000I\000n\000d\000e\000x}{}
\BOOKMARK [1][-]{section.1.1}{\376\377\000C\000l\000a\000s\000s\000\040\000L\000i\000s\000t}{chapter.1}
\BOOKMARK [0][-]{chapter.2}{\376\377\000F\000i\000l\000e\000\040\000I\000n\000d\000e\000x}{}
\BOOKMARK [1][-]{section.2.1}{\376\377\000F\000i\000l\000e\000\040\000L\000i\000s\000t}{chapter.2}
\BOOKMARK [0][-]{chapter.3}{\376\377\000C\000l\000a\000s\000s\000\040\000D\000o\000c\000u\000m\000e\000n\000t\000a\000t\000i\000o\000n}{}
\BOOKMARK [1][-]{section.3.1}{\376\377\000f\000s\000m\000\137\000s\000t\000a\000t\000e\000\040\000S\000t\000r\000u\000c\000t\000\040\000R\000e\000f\000e\000r\000e\000n\000c\000e}{chapter.3}
\BOOKMARK [2][-]{subsection.3.1.1}{\376\377\000D\000e\000t\000a\000i\000l\000e\000d\000\040\000D\000e\000s\000c\000r\000i\000p\000t\000i\000o\000n}{section.3.1}
\BOOKMARK [2][-]{subsection.3.1.2}{\376\377\000M\000e\000m\000b\000e\000r\000\040\000D\000a\000t\000a\000\040\000D\000o\000c\000u\000m\000e\000n\000t\000a\000t\000i\000o\000n}{section.3.1}
\BOOKMARK [3][-]{subsubsection.3.1.2.1}{\376\377\000f\000u\000n\000c\000t\000i\000o\000n}{subsection.3.1.2}
\BOOKMARK [3][-]{subsubsection.3.1.2.2}{\376\377\000n\000a\000m\000e}{subsection.3.1.2}
\BOOKMARK [3][-]{subsubsection.3.1.2.3}{\376\377\000n\000e\000x\000t}{subsection.3.1.2}
\BOOKMARK [0][-]{chapter.4}{\376\377\000F\000i\000l\000e\000\040\000D\000o\000c\000u\000m\000e\000n\000t\000a\000t\000i\000o\000n}{}
\BOOKMARK [1][-]{section.4.1}{\376\377\000f\000s\000m\000.\000c\000\040\000F\000i\000l\000e\000\040\000R\000e\000f\000e\000r\000e\000n\000c\000e}{chapter.4}
\BOOKMARK [2][-]{subsection.4.1.1}{\376\377\000D\000e\000t\000a\000i\000l\000e\000d\000\040\000D\000e\000s\000c\000r\000i\000p\000t\000i\000o\000n}{section.4.1}
\BOOKMARK [2][-]{subsection.4.1.2}{\376\377\000F\000u\000n\000c\000t\000i\000o\000n\000\040\000D\000o\000c\000u\000m\000e\000n\000t\000a\000t\000i\000o\000n}{section.4.1}
\BOOKMARK [3][-]{subsubsection.4.1.2.1}{\376\377\000f\000s\000m\000\137\000a\000d\000d}{subsection.4.1.2}
\BOOKMARK [3][-]{subsubsection.4.1.2.2}{\376\377\000f\000s\000m\000\137\000d\000e\000f\000a\000u\000l\000t}{subsection.4.1.2}
\BOOKMARK [3][-]{subsubsection.4.1.2.3}{\376\377\000f\000s\000m\000\137\000i\000n\000i\000t}{subsection.4.1.2}
\BOOKMARK [3][-]{subsubsection.4.1.2.4}{\376\377\000f\000s\000m\000\137\000m\000a\000i\000n}{subsection.4.1.2}
\BOOKMARK [3][-]{subsubsection.4.1.2.5}{\376\377\000f\000s\000m\000\137\000r\000e\000m\000o\000v\000e}{subsection.4.1.2}
\BOOKMARK [3][-]{subsubsection.4.1.2.6}{\376\377\000f\000s\000m\000\137\000t\000e\000r\000m\000i\000n\000a\000t\000e}{subsection.4.1.2}
\BOOKMARK [3][-]{subsubsection.4.1.2.7}{\376\377\000f\000s\000m\000\137\000t\000o\000\137\000s\000t\000a\000t\000e}{subsection.4.1.2}
\BOOKMARK [1][-]{section.4.2}{\376\377\000f\000s\000m\000.\000h\000\040\000F\000i\000l\000e\000\040\000R\000e\000f\000e\000r\000e\000n\000c\000e}{chapter.4}
\BOOKMARK [2][-]{subsection.4.2.1}{\376\377\000D\000e\000t\000a\000i\000l\000e\000d\000\040\000D\000e\000s\000c\000r\000i\000p\000t\000i\000o\000n}{section.4.2}
\BOOKMARK [2][-]{subsection.4.2.2}{\376\377\000F\000u\000n\000c\000t\000i\000o\000n\000\040\000D\000o\000c\000u\000m\000e\000n\000t\000a\000t\000i\000o\000n}{section.4.2}
\BOOKMARK [3][-]{subsubsection.4.2.2.1}{\376\377\000f\000s\000m\000\137\000a\000d\000d}{subsection.4.2.2}
\BOOKMARK [3][-]{subsubsection.4.2.2.2}{\376\377\000f\000s\000m\000\137\000d\000e\000f\000a\000u\000l\000t}{subsection.4.2.2}
\BOOKMARK [3][-]{subsubsection.4.2.2.3}{\376\377\000f\000s\000m\000\137\000i\000n\000i\000t}{subsection.4.2.2}
\BOOKMARK [3][-]{subsubsection.4.2.2.4}{\376\377\000f\000s\000m\000\137\000m\000a\000i\000n}{subsection.4.2.2}
\BOOKMARK [3][-]{subsubsection.4.2.2.5}{\376\377\000f\000s\000m\000\137\000r\000e\000m\000o\000v\000e}{subsection.4.2.2}
\BOOKMARK [3][-]{subsubsection.4.2.2.6}{\376\377\000f\000s\000m\000\137\000t\000e\000r\000m\000i\000n\000a\000t\000e}{subsection.4.2.2}
\BOOKMARK [3][-]{subsubsection.4.2.2.7}{\376\377\000f\000s\000m\000\137\000t\000o\000\137\000s\000t\000a\000t\000e}{subsection.4.2.2}
\BOOKMARK [2][-]{subsection.4.2.3}{\376\377\000V\000a\000r\000i\000a\000b\000l\000e\000\040\000D\000o\000c\000u\000m\000e\000n\000t\000a\000t\000i\000o\000n}{section.4.2}
\BOOKMARK [3][-]{subsubsection.4.2.3.1}{\376\377\000f\000s\000m\000\137\000a\000r\000g\000\137\000n\000u\000m}{subsection.4.2.3}
\BOOKMARK [3][-]{subsubsection.4.2.3.2}{\376\377\000f\000s\000m\000\137\000a\000r\000g\000\137\000v\000a\000l\000u\000e}{subsection.4.2.3}
\BOOKMARK [3][-]{subsubsection.4.2.3.3}{\376\377\000f\000s\000m\000\137\000b\000a\000s\000e}{subsection.4.2.3}
\BOOKMARK [3][-]{subsubsection.4.2.3.4}{\376\377\000f\000s\000m\000\137\000c\000u\000r\000\137\000s\000t\000a\000t\000e}{subsection.4.2.3}
\BOOKMARK [1][-]{section.4.3}{\376\377\000m\000a\000i\000n\000.\000c\000\040\000F\000i\000l\000e\000\040\000R\000e\000f\000e\000r\000e\000n\000c\000e}{chapter.4}
\BOOKMARK [2][-]{subsection.4.3.1}{\376\377\000F\000u\000n\000c\000t\000i\000o\000n\000\040\000D\000o\000c\000u\000m\000e\000n\000t\000a\000t\000i\000o\000n}{section.4.3}
\BOOKMARK [3][-]{subsubsection.4.3.1.1}{\376\377\000a\000b\000c}{subsection.4.3.1}
\BOOKMARK [3][-]{subsubsection.4.3.1.2}{\376\377\000m\000a\000i\000n}{subsection.4.3.1}
\BOOKMARK [3][-]{subsubsection.4.3.1.3}{\376\377\000x\000y\000z}{subsection.4.3.1}
